<?xml version="1.0" encoding="UTF-8"?>
<!-- Generated by org.testng.reporters.JUnitXMLReporter -->
<testsuite hostname="DESKTOP-12J8RIJ" ignored="1" name="Default test(failed)" tests="1" failures="1" timestamp="2022-06-30T22:49:38 IST" time="0.132" errors="0">
  <testcase name="Homepage" time="0.025" classname="com.TestNg.practise.Test_Ng">
    <failure type="java.lang.AssertionError" message="expected [true] but found [false]">
      <![CDATA[java.lang.AssertionError: expected [true] but found [false]
at com.TestNg.practise.Test_Ng.Homepage(Test_Ng.java:22)
at java.util.ArrayList.forEach(Unknown Source)
... Removed 33 stack frames]]>
    </failure>
  </testcase> <!-- Homepage -->
  <testcase name="Login" time="0.0" classname="com.TestNg.practise.Test_Ng">
    <ignored/>
  </testcase> <!-- Login -->
</testsuite> <!-- Default test(failed) -->
