<?xml version="1.0" encoding="UTF-8"?>
<!-- Generated by org.testng.reporters.JUnitXMLReporter -->
<testsuite hostname="DESKTOP-12J8RIJ" ignored="1" name="Default test(failed)(failed)" tests="1" failures="0" timestamp="2022-06-30T22:51:04 IST" time="0.09" errors="0">
  <testcase name="Homepage" time="0.017" classname="com.TestNg.practise.Test_Ng"/>
  <testcase name="Login" time="0.0" classname="com.TestNg.practise.Test_Ng">
    <ignored/>
  </testcase> <!-- Login -->
</testsuite> <!-- Default test(failed)(failed) -->
